D, [2014-11-21T18:19:09.534951 #12857] DEBUG -- :   [1m[36mFicha Load (0.3ms)[0m  [1mSELECT  "fichas".* FROM "fichas"  WHERE "fichas"."nombre" = 'Acoplo para turbina' LIMIT 1[0m
D, [2014-11-21T18:19:09.542858 #12857] DEBUG -- :   [1m[35m (0.2ms)[0m  begin transaction
D, [2014-11-21T18:19:09.550942 #12857] DEBUG -- :   [1m[36mSQL (1.6ms)[0m  [1mINSERT INTO "fichas" ("nombre") VALUES (?)[0m  [["nombre", "Acoplo para turbina"]]
D, [2014-11-21T18:19:09.678301 #12857] DEBUG -- :   [1m[35m (126.8ms)[0m  commit transaction
D, [2014-11-21T18:19:09.679831 #12857] DEBUG -- :   [1m[36mFicha Load (0.3ms)[0m  [1mSELECT  "fichas".* FROM "fichas"  WHERE "fichas"."nombre" = 'Aspirador de secreciones' LIMIT 1[0m
D, [2014-11-21T18:19:09.680681 #12857] DEBUG -- :   [1m[35m (0.2ms)[0m  begin transaction
D, [2014-11-21T18:19:09.681788 #12857] DEBUG -- :   [1m[36mSQL (0.2ms)[0m  [1mINSERT INTO "fichas" ("nombre") VALUES (?)[0m  [["nombre", "Aspirador de secreciones"]]
D, [2014-11-21T18:19:09.813223 #12857] DEBUG -- :   [1m[35m (131.0ms)[0m  commit transaction
D, [2014-11-21T18:19:09.814408 #12857] DEBUG -- :   [1m[36mFicha Load (0.3ms)[0m  [1mSELECT  "fichas".* FROM "fichas"  WHERE "fichas"."nombre" = 'Lavadora desinfectadora' LIMIT 1[0m
D, [2014-11-21T18:19:09.815008 #12857] DEBUG -- :   [1m[35m (0.1ms)[0m  begin transaction
D, [2014-11-21T18:19:09.816033 #12857] DEBUG -- :   [1m[36mSQL (0.2ms)[0m  [1mINSERT INTO "fichas" ("nombre") VALUES (?)[0m  [["nombre", "Lavadora desinfectadora"]]
D, [2014-11-21T18:19:09.946505 #12857] DEBUG -- :   [1m[35m (130.1ms)[0m  commit transaction
D, [2014-11-21T18:19:09.947648 #12857] DEBUG -- :   [1m[36mFicha Load (0.2ms)[0m  [1mSELECT  "fichas".* FROM "fichas"  WHERE "fichas"."nombre" = 'Baño María' LIMIT 1[0m
D, [2014-11-21T18:19:09.948245 #12857] DEBUG -- :   [1m[35m (0.1ms)[0m  begin transaction
D, [2014-11-21T18:19:09.949321 #12857] DEBUG -- :   [1m[36mSQL (0.2ms)[0m  [1mINSERT INTO "fichas" ("nombre") VALUES (?)[0m  [["nombre", "Baño María"]]
D, [2014-11-21T18:19:10.080423 #12857] DEBUG -- :   [1m[35m (130.6ms)[0m  commit transaction
D, [2014-11-21T18:19:10.082544 #12857] DEBUG -- :   [1m[36mFicha Load (0.5ms)[0m  [1mSELECT  "fichas".* FROM "fichas"  WHERE "fichas"."nombre" = 'Secadora industrial' LIMIT 1[0m
D, [2014-11-21T18:19:10.083640 #12857] DEBUG -- :   [1m[35m (0.2ms)[0m  begin transaction
D, [2014-11-21T18:19:10.085166 #12857] DEBUG -- :   [1m[36mSQL (0.2ms)[0m  [1mINSERT INTO "fichas" ("nombre") VALUES (?)[0m  [["nombre", "Secadora industrial"]]
D, [2014-11-21T18:19:10.214056 #12857] DEBUG -- :   [1m[35m (128.4ms)[0m  commit transaction
D, [2014-11-21T18:19:10.216136 #12857] DEBUG -- :   [1m[36mFicha Load (0.5ms)[0m  [1mSELECT  "fichas".* FROM "fichas"  WHERE "fichas"."nombre" = 'Secadora industrial' LIMIT 1[0m
